app/build/intermediates/manifest_merge_blame_file/civDebug/manifest-merger-blame-civ-debug-report.txt
1<?xml version="1.0" encoding="utf-8"?>
2<manifest xmlns:android="http://schemas.android.com/apk/res/android"
3    package="com.atakmap.android.LoRaBridge.plugin"
4    android:versionCode="1749024683"
5    android:versionName="1.0 (89db3ee3) - [4.5.1]" >
6
7    <uses-sdk
8        android:minSdkVersion="21"
8-->src\main\AndroidManifest.xml
9        android:targetSdkVersion="30" />
9-->src\main\AndroidManifest.xml
10
11    <application
11-->src\main\AndroidManifest.xml:6:5-26:19
12        android:allowBackup="false"
12-->src\main\AndroidManifest.xml:7:9-36
13        android:appComponentFactory="androidx.core.app.CoreComponentFactory"
13-->[androidx.core:core:1.1.0] AndroidManifest.xml:24:18-86
14        android:debuggable="true"
15        android:description="@string/app_desc"
15-->src\main\AndroidManifest.xml:10:9-47
16        android:extractNativeLibs="true"
16-->src\main\AndroidManifest.xml:11:9-41
17        android:icon="@drawable/ic_launcher"
17-->src\main\AndroidManifest.xml:8:9-45
18        android:label="@string/app_name"
18-->src\main\AndroidManifest.xml:9:9-41
19        android:testOnly="true"
20        android:theme="@style/AppTheme" >
20-->src\main\AndroidManifest.xml:12:9-40
21        <meta-data
22            android:name="plugin-api"
22-->src\main\AndroidManifest.xml:13:20-45
23            android:value="com.atakmap.app@4.5.1.CIV" />
23-->src\main\AndroidManifest.xml:13:46-79
24        <meta-data
24-->src\main\AndroidManifest.xml:14:9-78
25            android:name="app_desc"
25-->src\main\AndroidManifest.xml:14:20-43
26            android:value="@string/app_desc" />
26-->src\main\AndroidManifest.xml:14:44-76
27
28        <!-- allow for plugin discovery -->
29        <activity android:name="com.atakmap.app.component" >
29-->src\main\AndroidManifest.xml:18:8-23:19
29-->src\main\AndroidManifest.xml:18:18-58
30            <intent-filter android:label="@string/app_name" >
30-->src\main\AndroidManifest.xml:20:12-22:28
30-->src\main\AndroidManifest.xml:20:27-59
31                <action android:name="com.atakmap.app.component" />
31-->src\main\AndroidManifest.xml:21:15-66
31-->src\main\AndroidManifest.xml:21:23-63
32            </intent-filter>
33        </activity>
34
35        <service
35-->[androidx.room:room-runtime:2.3.0] AndroidManifest.xml:25:9-28:40
36            android:name="androidx.room.MultiInstanceInvalidationService"
36-->[androidx.room:room-runtime:2.3.0] AndroidManifest.xml:26:13-74
37            android:directBootAware="true"
37-->[androidx.room:room-runtime:2.3.0] AndroidManifest.xml:27:13-43
38            android:exported="false" />
38-->[androidx.room:room-runtime:2.3.0] AndroidManifest.xml:28:13-37
39
40        <provider
40-->[androidx.lifecycle:lifecycle-process:2.2.0] AndroidManifest.xml:25:9-29:43
41            android:name="androidx.lifecycle.ProcessLifecycleOwnerInitializer"
41-->[androidx.lifecycle:lifecycle-process:2.2.0] AndroidManifest.xml:26:13-79
42            android:authorities="com.atakmap.android.LoRaBridge.plugin.lifecycle-process"
42-->[androidx.lifecycle:lifecycle-process:2.2.0] AndroidManifest.xml:27:13-69
43            android:exported="false"
43-->[androidx.lifecycle:lifecycle-process:2.2.0] AndroidManifest.xml:28:13-37
44            android:multiprocess="true" />
44-->[androidx.lifecycle:lifecycle-process:2.2.0] AndroidManifest.xml:29:13-40
45    </application>
46
47</manifest>